<?xml version="1.0" encoding="UTF-8"?>
<robot generator="Rebot 6.0.2 (Python 3.11.1 on win32)" generated="20230118 08:47:27.562" rpa="false" schemaversion="3">
<suite id="s1" name="VC invalid login" source="C:\Users\Tea\Desktop\AW Academy\Project4\project4\tests\VC_invalid_login.robot">
<kw name="Open Browser" library="VC_library" type="SETUP">
<arg>${BROWSER}</arg>
<doc>Opens a new browser. By default browser is _Chromium_.
Test suite can also be set to use _Firefox_ as a browser.</doc>
<status status="PASS" starttime="20230118 08:46:26.070" endtime="20230118 08:46:35.970"/>
</kw>
<test id="s1-t1" name="Invalid username and valid password" line="14">
<kw name="Open Login" library="VC_library" type="SETUP">
<doc>Opens new page to VibeCatch website and clicks the login-button.</doc>
<msg timestamp="20230118 08:47:09.969" level="FAIL">TimeoutError: Timeout 30000ms exceeded.
=========================== logs ===========================
navigating to "https://env-5369504.paas.datacenter.fi/", waiting until "load"
============================================================</msg>
<status status="FAIL" starttime="20230118 08:46:35.970" endtime="20230118 08:47:09.972"/>
</kw>
<status status="FAIL" starttime="20230118 08:46:35.970" endtime="20230118 08:47:09.977">Setup failed:
TimeoutError: Timeout 30000ms exceeded.
=========================== logs ===========================
navigating to "https://env-5369504.paas.datacenter.fi/", waiting until "load"
============================================================</status>
</test>
<test id="s1-t2" name="Valid username and invalid password" line="14">
<kw name="Open Login" library="VC_library" type="SETUP">
<doc>Opens new page to VibeCatch website and clicks the login-button.</doc>
<msg timestamp="20230118 08:47:09.031" level="FAIL">TimeoutError: Timeout 30000ms exceeded.
=========================== logs ===========================
navigating to "https://env-5369504.paas.datacenter.fi/", waiting until "load"
============================================================</msg>
<status status="FAIL" starttime="20230118 08:46:35.921" endtime="20230118 08:47:09.033"/>
</kw>
<status status="FAIL" starttime="20230118 08:46:35.913" endtime="20230118 08:47:09.033">Setup failed:
TimeoutError: Timeout 30000ms exceeded.
=========================== logs ===========================
navigating to "https://env-5369504.paas.datacenter.fi/", waiting until "load"
============================================================</status>
</test>
<test id="s1-t3" name="Invalid username and invalid password" line="14">
<kw name="Open Login" library="VC_library" type="SETUP">
<doc>Opens new page to VibeCatch website and clicks the login-button.</doc>
<msg timestamp="20230118 08:47:20.689" level="FAIL">TimeoutError: Timeout 30000ms exceeded.
=========================== logs ===========================
navigating to "https://env-5369504.paas.datacenter.fi/", waiting until "load"
============================================================</msg>
<status status="FAIL" starttime="20230118 08:46:39.703" endtime="20230118 08:47:20.695"/>
</kw>
<status status="FAIL" starttime="20230118 08:46:39.694" endtime="20230118 08:47:20.697">Setup failed:
TimeoutError: Timeout 30000ms exceeded.
=========================== logs ===========================
navigating to "https://env-5369504.paas.datacenter.fi/", waiting until "load"
============================================================</status>
</test>
<test id="s1-t4" name="Empty username and valid password" line="14">
<kw name="Open Login" library="VC_library" type="SETUP">
<doc>Opens new page to VibeCatch website and clicks the login-button.</doc>
<msg timestamp="20230118 08:47:11.411" level="FAIL">TimeoutError: Timeout 30000ms exceeded.
=========================== logs ===========================
navigating to "https://env-5369504.paas.datacenter.fi/", waiting until "load"
============================================================</msg>
<status status="FAIL" starttime="20230118 08:46:37.788" endtime="20230118 08:47:11.417"/>
</kw>
<status status="FAIL" starttime="20230118 08:46:37.776" endtime="20230118 08:47:11.420">Setup failed:
TimeoutError: Timeout 30000ms exceeded.
=========================== logs ===========================
navigating to "https://env-5369504.paas.datacenter.fi/", waiting until "load"
============================================================</status>
</test>
<test id="s1-t5" name="Empty username and invalid password" line="14">
<kw name="Open Login" library="VC_library" type="SETUP">
<doc>Opens new page to VibeCatch website and clicks the login-button.</doc>
<msg timestamp="20230118 08:47:17.398" level="FAIL">TimeoutError: Timeout 30000ms exceeded.
=========================== logs ===========================
navigating to "https://env-5369504.paas.datacenter.fi/", waiting until "load"
============================================================</msg>
<status status="FAIL" starttime="20230118 08:46:39.201" endtime="20230118 08:47:17.406"/>
</kw>
<status status="FAIL" starttime="20230118 08:46:39.192" endtime="20230118 08:47:17.406">Setup failed:
TimeoutError: Timeout 30000ms exceeded.
=========================== logs ===========================
navigating to "https://env-5369504.paas.datacenter.fi/", waiting until "load"
============================================================</status>
</test>
<test id="s1-t6" name="Valid username and empty password" line="14">
<kw name="Open Login" library="VC_library" type="SETUP">
<doc>Opens new page to VibeCatch website and clicks the login-button.</doc>
<msg timestamp="20230118 08:47:17.025" level="FAIL">TimeoutError: Timeout 30000ms exceeded.
=========================== logs ===========================
navigating to "https://env-5369504.paas.datacenter.fi/", waiting until "load"
============================================================</msg>
<status status="FAIL" starttime="20230118 08:46:38.270" endtime="20230118 08:47:17.030"/>
</kw>
<status status="FAIL" starttime="20230118 08:46:38.255" endtime="20230118 08:47:17.030">Setup failed:
TimeoutError: Timeout 30000ms exceeded.
=========================== logs ===========================
navigating to "https://env-5369504.paas.datacenter.fi/", waiting until "load"
============================================================</status>
</test>
<test id="s1-t7" name="Both empty" line="14">
<kw name="Open Login" library="VC_library" type="SETUP">
<doc>Opens new page to VibeCatch website and clicks the login-button.</doc>
<msg timestamp="20230118 08:47:09.306" level="FAIL">TimeoutError: Timeout 30000ms exceeded.
=========================== logs ===========================
navigating to "https://env-5369504.paas.datacenter.fi/", waiting until "load"
============================================================</msg>
<status status="FAIL" starttime="20230118 08:46:35.463" endtime="20230118 08:47:09.306"/>
</kw>
<status status="FAIL" starttime="20230118 08:46:35.455" endtime="20230118 08:47:09.311">Setup failed:
TimeoutError: Timeout 30000ms exceeded.
=========================== logs ===========================
navigating to "https://env-5369504.paas.datacenter.fi/", waiting until "load"
============================================================</status>
</test>
<kw name="Close Browser" library="VC_library" type="TEARDOWN">
<status status="PASS" starttime="20230118 08:47:09.997" endtime="20230118 08:47:23.604"/>
</kw>
<doc>This test suite tests invalid logins using DataDriver in VibeCatch
website.</doc>
<status status="FAIL" starttime="20230118 08:46:21.269" endtime="20230118 08:47:26.754"/>
</suite>
<statistics>
<total>
<stat pass="0" fail="7" skip="0">All Tests</stat>
</total>
<tag>
</tag>
<suite>
<stat pass="0" fail="7" skip="0" id="s1" name="VC invalid login">VC invalid login</stat>
</suite>
</statistics>
<errors>
</errors>
</robot>
