<?xml version="1.0" encoding="UTF-8"?>
<robot generator="Robot 6.0.2 (Python 3.11.1 on win32)" generated="20230118 08:44:47.495" rpa="false" schemaversion="3">
<suite id="s1" name="VC valid login" source="C:\Users\Tea\Desktop\AW Academy\Project4\project4\tests\VC_valid_login.robot">
<kw name="Open Browser" library="VC_library" type="SETUP">
<arg>${BROWSER}</arg>
<doc>Opens a new browser. By default browser is _Chromium_.
Test suite can also be set to use _Firefox_ as a browser.</doc>
<status status="PASS" starttime="20230118 08:44:47.956" endtime="20230118 08:44:55.907"/>
</kw>
<test id="s1-t1" name="Valid login And Log Out" line="12">
<kw name="Open Login" library="VC_library" type="SETUP">
<doc>Opens new page to VibeCatch website and clicks the login-button.</doc>
<status status="PASS" starttime="20230118 08:44:55.910" endtime="20230118 08:45:18.898"/>
</kw>
<kw name="Submit Credentials" library="VC_library">
<arg>${VALID_USERNAME}</arg>
<arg>${VALID_PASSWORD}</arg>
<doc>Submits given ``username`` and ``password`` as login credentials.</doc>
<status status="PASS" starttime="20230118 08:45:18.900" endtime="20230118 08:45:45.129"/>
</kw>
<kw name="Login Should Succeed" library="VC_library">
<doc>Verifies login has succeeded by checking home page is open.</doc>
<msg timestamp="20230118 08:45:45.885" level="INFO">Login was succesful</msg>
<status status="PASS" starttime="20230118 08:45:45.129" endtime="20230118 08:45:45.885"/>
</kw>
<kw name="Logout" library="VC_library">
<doc>Logs out, waits for page to load and verifies login button is enabled.</doc>
<msg timestamp="20230118 08:46:02.563" level="INFO">Log out button clicked</msg>
<status status="PASS" starttime="20230118 08:45:45.885" endtime="20230118 08:46:04.523"/>
</kw>
<status status="PASS" starttime="20230118 08:44:55.907" endtime="20230118 08:46:04.524"/>
</test>
<kw name="Close Browser" library="VC_library" type="TEARDOWN">
<status status="PASS" starttime="20230118 08:46:04.526" endtime="20230118 08:46:06.906"/>
</kw>
<doc>This test suite tests valid login functions in VibeCatch
website.</doc>
<status status="PASS" starttime="20230118 08:44:47.495" endtime="20230118 08:46:06.906"/>
</suite>
<statistics>
<total>
<stat pass="1" fail="0" skip="0">All Tests</stat>
</total>
<tag>
</tag>
<suite>
<stat pass="1" fail="0" skip="0" id="s1" name="VC valid login">VC valid login</stat>
</suite>
</statistics>
<errors>
</errors>
</robot>
