<?xml version="1.0" encoding="UTF-8"?>
<robot generator="Robot 6.0.2 (Python 3.11.1 on win32)" generated="20230118 08:49:13.210" rpa="false" schemaversion="3">
<suite id="s1" name="VC pdfdocs" source="C:\Users\Tea\Desktop\AW Academy\Project4\project4\tests\VC_pdfdocs.robot">
<kw name="Run Keywords" library="BuiltIn" type="SETUP">
<arg>Open Browser</arg>
<arg>${BROWSER}</arg>
<arg>AND</arg>
<arg>Open VibeCatch And Log In</arg>
<doc>Executes all the given keywords in a sequence.</doc>
<kw name="Open Browser" library="VC_library">
<arg>${BROWSER}</arg>
<doc>Opens a new browser. By default browser is _Chromium_.
Test suite can also be set to use _Firefox_ as a browser.</doc>
<status status="PASS" starttime="20230118 08:49:15.680" endtime="20230118 08:49:18.009"/>
</kw>
<kw name="Open Vibecatch And Log In" library="VC_library">
<doc>Opens new page to VibeCatch website and logs in.</doc>
<msg timestamp="20230118 08:49:36.220" level="INFO">Login succesful!</msg>
<status status="PASS" starttime="20230118 08:49:18.009" endtime="20230118 08:49:36.222"/>
</kw>
<status status="PASS" starttime="20230118 08:49:15.678" endtime="20230118 08:49:36.222"/>
</kw>
<test id="s1-t1" name="Hierarchy" line="15">
<kw name="Download And Check PDF Document">
<arg>Adding organizational hierarchy</arg>
<arg>OK so let’s assume that you have the following organizational
structure (naturally you can have as many levels as you like):</arg>
<arg>9</arg>
<kw name="Choose Pdf Document" library="VC_library">
<arg>${doc_name}</arg>
<doc>Chooses PDF document with given ``name`` from help window
options. Clicks the link to initialize downloading of PDF document.</doc>
<status status="PASS" starttime="20230118 08:49:36.238" endtime="20230118 08:49:42.424"/>
</kw>
<kw name="Download And Check Pdf" library="VC_library">
<arg>${text}</arg>
<arg>${pages}</arg>
<status status="PASS" starttime="20230118 08:49:42.424" endtime="20230118 08:49:43.135"/>
</kw>
<kw name="Remove Pdf" library="VC_library" type="TEARDOWN">
<status status="PASS" starttime="20230118 08:49:43.137" endtime="20230118 08:49:43.142"/>
</kw>
<status status="PASS" starttime="20230118 08:49:36.230" endtime="20230118 08:49:43.142"/>
</kw>
<status status="PASS" starttime="20230118 08:49:36.222" endtime="20230118 08:49:43.148"/>
</test>
<test id="s1-t2" name="Pulse Poll Checklist" line="15">
<kw name="Download And Check PDF Document">
<arg>Checklist For a Good Pulse Poll</arg>
<arg>Checklist for a good pulse poll</arg>
<arg>11</arg>
<kw name="Choose Pdf Document" library="VC_library">
<arg>${doc_name}</arg>
<doc>Chooses PDF document with given ``name`` from help window
options. Clicks the link to initialize downloading of PDF document.</doc>
<status status="PASS" starttime="20230118 08:49:43.172" endtime="20230118 08:49:46.679"/>
</kw>
<kw name="Download And Check Pdf" library="VC_library">
<arg>${text}</arg>
<arg>${pages}</arg>
<status status="PASS" starttime="20230118 08:49:46.679" endtime="20230118 08:49:48.227"/>
</kw>
<kw name="Remove Pdf" library="VC_library" type="TEARDOWN">
<status status="PASS" starttime="20230118 08:49:48.227" endtime="20230118 08:49:48.227"/>
</kw>
<status status="PASS" starttime="20230118 08:49:43.172" endtime="20230118 08:49:48.227"/>
</kw>
<status status="PASS" starttime="20230118 08:49:43.156" endtime="20230118 08:49:48.227"/>
</test>
<test id="s1-t3" name="Conversations" line="15">
<kw name="Download And Check PDF Document">
<arg>Conversations</arg>
<arg>Conversations by</arg>
<arg>8</arg>
<kw name="Choose Pdf Document" library="VC_library">
<arg>${doc_name}</arg>
<doc>Chooses PDF document with given ``name`` from help window
options. Clicks the link to initialize downloading of PDF document.</doc>
<status status="PASS" starttime="20230118 08:49:48.247" endtime="20230118 08:49:51.503"/>
</kw>
<kw name="Download And Check Pdf" library="VC_library">
<arg>${text}</arg>
<arg>${pages}</arg>
<status status="PASS" starttime="20230118 08:49:51.503" endtime="20230118 08:49:52.196"/>
</kw>
<kw name="Remove Pdf" library="VC_library" type="TEARDOWN">
<status status="PASS" starttime="20230118 08:49:52.196" endtime="20230118 08:49:52.204"/>
</kw>
<status status="PASS" starttime="20230118 08:49:48.242" endtime="20230118 08:49:52.205"/>
</kw>
<status status="PASS" starttime="20230118 08:49:48.227" endtime="20230118 08:49:52.205"/>
</test>
<test id="s1-t4" name="Employee Guide" line="15">
<kw name="Download And Check PDF Document">
<arg>Distributable document - QWL for employees</arg>
<arg>How to answer Quality of Work Life (QWL) polls</arg>
<arg>9</arg>
<kw name="Choose Pdf Document" library="VC_library">
<arg>${doc_name}</arg>
<doc>Chooses PDF document with given ``name`` from help window
options. Clicks the link to initialize downloading of PDF document.</doc>
<status status="PASS" starttime="20230118 08:49:52.221" endtime="20230118 08:49:55.645"/>
</kw>
<kw name="Download And Check Pdf" library="VC_library">
<arg>${text}</arg>
<arg>${pages}</arg>
<status status="PASS" starttime="20230118 08:49:55.645" endtime="20230118 08:49:56.727"/>
</kw>
<kw name="Remove Pdf" library="VC_library" type="TEARDOWN">
<status status="PASS" starttime="20230118 08:49:56.727" endtime="20230118 08:49:56.727"/>
</kw>
<status status="PASS" starttime="20230118 08:49:52.221" endtime="20230118 08:49:56.727"/>
</kw>
<status status="PASS" starttime="20230118 08:49:52.213" endtime="20230118 08:49:56.727"/>
</test>
<test id="s1-t5" name="Manager Guide" line="15">
<kw name="Download And Check PDF Document">
<arg>Distributable document - QWL for managers</arg>
<arg>QWL Explained</arg>
<arg>10</arg>
<kw name="Choose Pdf Document" library="VC_library">
<arg>${doc_name}</arg>
<doc>Chooses PDF document with given ``name`` from help window
options. Clicks the link to initialize downloading of PDF document.</doc>
<status status="PASS" starttime="20230118 08:49:56.744" endtime="20230118 08:50:00.089"/>
</kw>
<kw name="Download And Check Pdf" library="VC_library">
<arg>${text}</arg>
<arg>${pages}</arg>
<status status="PASS" starttime="20230118 08:50:00.089" endtime="20230118 08:50:01.287"/>
</kw>
<kw name="Remove Pdf" library="VC_library" type="TEARDOWN">
<status status="PASS" starttime="20230118 08:50:01.287" endtime="20230118 08:50:01.302"/>
</kw>
<status status="PASS" starttime="20230118 08:49:56.744" endtime="20230118 08:50:01.303"/>
</kw>
<status status="PASS" starttime="20230118 08:49:56.742" endtime="20230118 08:50:01.307"/>
</test>
<test id="s1-t6" name="Pulse Poll Guide" line="15">
<kw name="Download And Check PDF Document">
<arg>Getting Started With Pulse Polls</arg>
<arg>Getting Started With Pulse Polls</arg>
<arg>22</arg>
<kw name="Choose Pdf Document" library="VC_library">
<arg>${doc_name}</arg>
<doc>Chooses PDF document with given ``name`` from help window
options. Clicks the link to initialize downloading of PDF document.</doc>
<status status="PASS" starttime="20230118 08:50:01.336" endtime="20230118 08:50:04.766"/>
</kw>
<kw name="Download And Check Pdf" library="VC_library">
<arg>${text}</arg>
<arg>${pages}</arg>
<status status="PASS" starttime="20230118 08:50:04.766" endtime="20230118 08:50:06.548"/>
</kw>
<kw name="Remove Pdf" library="VC_library" type="TEARDOWN">
<status status="PASS" starttime="20230118 08:50:06.548" endtime="20230118 08:50:06.548"/>
</kw>
<status status="PASS" starttime="20230118 08:50:01.333" endtime="20230118 08:50:06.548"/>
</kw>
<status status="PASS" starttime="20230118 08:50:01.317" endtime="20230118 08:50:06.548"/>
</test>
<test id="s1-t7" name="QWL Poll Guide" line="15">
<kw name="Download And Check PDF Document">
<arg>Getting Started With QWL Polls</arg>
<arg>Getting Started With QWL Polls</arg>
<arg>24</arg>
<kw name="Choose Pdf Document" library="VC_library">
<arg>${doc_name}</arg>
<doc>Chooses PDF document with given ``name`` from help window
options. Clicks the link to initialize downloading of PDF document.</doc>
<status status="PASS" starttime="20230118 08:50:06.565" endtime="20230118 08:50:09.823"/>
</kw>
<kw name="Download And Check Pdf" library="VC_library">
<arg>${text}</arg>
<arg>${pages}</arg>
<status status="PASS" starttime="20230118 08:50:09.823" endtime="20230118 08:50:10.969"/>
</kw>
<kw name="Remove Pdf" library="VC_library" type="TEARDOWN">
<status status="PASS" starttime="20230118 08:50:10.969" endtime="20230118 08:50:10.969"/>
</kw>
<status status="PASS" starttime="20230118 08:50:06.565" endtime="20230118 08:50:10.972"/>
</kw>
<status status="PASS" starttime="20230118 08:50:06.548" endtime="20230118 08:50:10.972"/>
</test>
<test id="s1-t8" name="Translation Checklist" line="15">
<kw name="Download And Check PDF Document">
<arg>Poll Translation Checklist</arg>
<arg>Poll Translation Checklist</arg>
<arg>5</arg>
<kw name="Choose Pdf Document" library="VC_library">
<arg>${doc_name}</arg>
<doc>Chooses PDF document with given ``name`` from help window
options. Clicks the link to initialize downloading of PDF document.</doc>
<status status="PASS" starttime="20230118 08:50:10.976" endtime="20230118 08:50:14.177"/>
</kw>
<kw name="Download And Check Pdf" library="VC_library">
<arg>${text}</arg>
<arg>${pages}</arg>
<status status="PASS" starttime="20230118 08:50:14.177" endtime="20230118 08:50:14.459"/>
</kw>
<kw name="Remove Pdf" library="VC_library" type="TEARDOWN">
<status status="PASS" starttime="20230118 08:50:14.459" endtime="20230118 08:50:14.459"/>
</kw>
<status status="PASS" starttime="20230118 08:50:10.976" endtime="20230118 08:50:14.459"/>
</kw>
<status status="PASS" starttime="20230118 08:50:10.972" endtime="20230118 08:50:14.459"/>
</test>
<test id="s1-t9" name="Theoretical Background" line="15">
<kw name="Download And Check PDF Document">
<arg>QWL Method Theoretical Background</arg>
<arg>The QWL method and its theoretical background</arg>
<arg>4</arg>
<kw name="Choose Pdf Document" library="VC_library">
<arg>${doc_name}</arg>
<doc>Chooses PDF document with given ``name`` from help window
options. Clicks the link to initialize downloading of PDF document.</doc>
<status status="PASS" starttime="20230118 08:50:14.487" endtime="20230118 08:50:17.878"/>
</kw>
<kw name="Download And Check Pdf" library="VC_library">
<arg>${text}</arg>
<arg>${pages}</arg>
<status status="PASS" starttime="20230118 08:50:17.878" endtime="20230118 08:50:18.187"/>
</kw>
<kw name="Remove Pdf" library="VC_library" type="TEARDOWN">
<status status="PASS" starttime="20230118 08:50:18.195" endtime="20230118 08:50:18.195"/>
</kw>
<status status="PASS" starttime="20230118 08:50:14.484" endtime="20230118 08:50:18.195"/>
</kw>
<status status="PASS" starttime="20230118 08:50:14.467" endtime="20230118 08:50:18.200"/>
</test>
<test id="s1-t10" name="QWL Whitepaper" line="15">
<kw name="Download And Check PDF Document">
<arg>QWL Whitepaper</arg>
<arg>Quality of Work Life (QWL)</arg>
<arg>11</arg>
<kw name="Choose Pdf Document" library="VC_library">
<arg>${doc_name}</arg>
<doc>Chooses PDF document with given ``name`` from help window
options. Clicks the link to initialize downloading of PDF document.</doc>
<status status="PASS" starttime="20230118 08:50:18.203" endtime="20230118 08:50:21.543"/>
</kw>
<kw name="Download And Check Pdf" library="VC_library">
<arg>${text}</arg>
<arg>${pages}</arg>
<status status="PASS" starttime="20230118 08:50:21.543" endtime="20230118 08:50:21.993"/>
</kw>
<kw name="Remove Pdf" library="VC_library" type="TEARDOWN">
<status status="PASS" starttime="20230118 08:50:21.993" endtime="20230118 08:50:21.997"/>
</kw>
<status status="PASS" starttime="20230118 08:50:18.203" endtime="20230118 08:50:21.999"/>
</kw>
<status status="PASS" starttime="20230118 08:50:18.203" endtime="20230118 08:50:22.006"/>
</test>
<test id="s1-t11" name="Walkthrough" line="15">
<kw name="Download And Check PDF Document">
<arg>Smart Poll Walkthrough</arg>
<arg>Smart Poll Walkthrough
Step-by-step guide on how to create a poll that adapts to a users' answers</arg>
<arg>10</arg>
<kw name="Choose Pdf Document" library="VC_library">
<arg>${doc_name}</arg>
<doc>Chooses PDF document with given ``name`` from help window
options. Clicks the link to initialize downloading of PDF document.</doc>
<status status="PASS" starttime="20230118 08:50:22.039" endtime="20230118 08:50:25.473"/>
</kw>
<kw name="Download And Check Pdf" library="VC_library">
<arg>${text}</arg>
<arg>${pages}</arg>
<status status="PASS" starttime="20230118 08:50:25.481" endtime="20230118 08:50:26.004"/>
</kw>
<kw name="Remove Pdf" library="VC_library" type="TEARDOWN">
<status status="PASS" starttime="20230118 08:50:26.004" endtime="20230118 08:50:26.004"/>
</kw>
<status status="PASS" starttime="20230118 08:50:22.039" endtime="20230118 08:50:26.004"/>
</kw>
<status status="PASS" starttime="20230118 08:50:22.022" endtime="20230118 08:50:26.004"/>
</test>
<test id="s1-t12" name="Technical Integration Guide" line="15">
<kw name="Download And Check PDF Document">
<arg>Technical Integration Guide</arg>
<arg>Technical Integration Guide</arg>
<arg>7</arg>
<kw name="Choose Pdf Document" library="VC_library">
<arg>${doc_name}</arg>
<doc>Chooses PDF document with given ``name`` from help window
options. Clicks the link to initialize downloading of PDF document.</doc>
<status status="PASS" starttime="20230118 08:50:26.029" endtime="20230118 08:50:29.349"/>
</kw>
<kw name="Download And Check Pdf" library="VC_library">
<arg>${text}</arg>
<arg>${pages}</arg>
<status status="PASS" starttime="20230118 08:50:29.349" endtime="20230118 08:50:30.395"/>
</kw>
<kw name="Remove Pdf" library="VC_library" type="TEARDOWN">
<status status="PASS" starttime="20230118 08:50:30.395" endtime="20230118 08:50:30.395"/>
</kw>
<status status="PASS" starttime="20230118 08:50:26.020" endtime="20230118 08:50:30.395"/>
</kw>
<status status="PASS" starttime="20230118 08:50:26.012" endtime="20230118 08:50:30.395"/>
</test>
<test id="s1-t13" name="Categories" line="15">
<kw name="Download And Check PDF Document">
<arg>Using Categories in Reports</arg>
<arg>Using Categories in Reports</arg>
<arg>8</arg>
<kw name="Choose Pdf Document" library="VC_library">
<arg>${doc_name}</arg>
<doc>Chooses PDF document with given ``name`` from help window
options. Clicks the link to initialize downloading of PDF document.</doc>
<status status="PASS" starttime="20230118 08:50:30.403" endtime="20230118 08:50:33.582"/>
</kw>
<kw name="Download And Check Pdf" library="VC_library">
<arg>${text}</arg>
<arg>${pages}</arg>
<status status="PASS" starttime="20230118 08:50:33.586" endtime="20230118 08:50:34.253"/>
</kw>
<kw name="Remove Pdf" library="VC_library" type="TEARDOWN">
<status status="PASS" starttime="20230118 08:50:34.253" endtime="20230118 08:50:34.261"/>
</kw>
<status status="PASS" starttime="20230118 08:50:30.403" endtime="20230118 08:50:34.261"/>
</kw>
<status status="PASS" starttime="20230118 08:50:30.395" endtime="20230118 08:50:34.261"/>
</test>
<kw name="Close Browser" library="VC_library" type="TEARDOWN">
<status status="PASS" starttime="20230118 08:50:34.269" endtime="20230118 08:50:34.969"/>
</kw>
<doc>This test suite tests access to customer guide PDF documents on Vibecatch
website. Data for test cases is collected from a separate file using DataDriver.</doc>
<status status="PASS" starttime="20230118 08:49:13.210" endtime="20230118 08:50:34.969"/>
</suite>
<statistics>
<total>
<stat pass="13" fail="0" skip="0">All Tests</stat>
</total>
<tag>
</tag>
<suite>
<stat pass="13" fail="0" skip="0" id="s1" name="VC pdfdocs">VC pdfdocs</stat>
</suite>
</statistics>
<errors>
</errors>
</robot>
